<?xml version="1.0" encoding="UTF-8"?>
<testsuites name="jest tests" tests="2" failures="0" errors="0" time="17.792">
  <testsuite name="undefined" errors="0" failures="0" skipped="0" timestamp="2024-06-15T13:09:17" time="11.828" tests="2">
    <testcase classname=" check form fields" name=" check form fields" time="0.381">
    </testcase>
    <testcase classname="AddVehicle submits form and displays response" name="AddVehicle submits form and displays response" time="0.682">
    </testcase>
  </testsuite>
</testsuites>